TN:
SF:server\helpers.js
FN:1,getIdParam
FN:9,getMerchantIdParam
FN:17,checkError
FN:18,(anonymous_3)
FNF:4
FNH:1
FNDA:2,getIdParam
FNDA:0,getMerchantIdParam
FNDA:0,checkError
FNDA:0,(anonymous_3)
DA:2,2
DA:3,2
DA:4,2
DA:6,0
DA:10,0
DA:11,0
DA:12,0
DA:14,0
DA:18,0
DA:19,0
DA:23,1
LF:11
LH:4
BRDA:3,0,0,2
BRDA:3,0,1,0
BRDA:11,1,0,0
BRDA:11,1,1,0
BRF:4
BRH:1
end_of_record
TN:
SF:server\handlers\date.js
FN:5,(anonymous_0)
FN:15,(anonymous_1)
FNF:2
FNH:2
FNDA:1,(anonymous_0)
FNDA:1,(anonymous_1)
DA:1,2
DA:5,2
DA:7,1
DA:8,1
DA:15,2
DA:17,1
DA:18,1
DA:26,2
LF:8
LH:8
BRF:0
BRH:0
end_of_record
TN:
SF:server\handlers\math.js
FN:4,(anonymous_0)
FN:22,(anonymous_1)
FN:40,(anonymous_2)
FNF:3
FNH:3
FNDA:4,(anonymous_0)
FNDA:3,(anonymous_1)
FNDA:3,(anonymous_2)
DA:1,4
DA:2,4
DA:4,4
DA:5,4
DA:6,4
DA:7,4
DA:8,3
DA:13,1
DA:18,4
DA:22,4
DA:23,3
DA:24,3
DA:25,3
DA:26,3
DA:31,0
DA:36,3
DA:40,4
DA:41,3
DA:42,3
DA:46,3
DA:51,4
LF:21
LH:20
BRF:0
BRH:0
end_of_record
TN:
SF:server\handlers\merchants.js
FN:5,getAll
FN:12,getById
FN:27,create
FN:48,remove
FNF:4
FNH:2
FNDA:0,getAll
FNDA:2,getById
FNDA:2,create
FNDA:0,remove
DA:1,1
DA:2,1
DA:3,1
DA:6,0
DA:9,0
DA:13,2
DA:14,2
DA:20,2
DA:21,1
DA:23,1
DA:28,2
DA:29,2
DA:30,2
DA:31,2
DA:32,1
DA:34,1
DA:41,1
DA:49,0
DA:50,0
DA:55,0
DA:58,1
LF:21
LH:16
BRDA:20,0,0,1
BRDA:20,0,1,1
BRDA:31,1,0,1
BRDA:31,1,1,1
BRF:4
BRH:4
end_of_record
TN:
SF:storage\models\Date.js
FN:1,isweekend
FN:5,leapYear
FNF:2
FNH:2
FNDA:1,isweekend
FNDA:1,leapYear
DA:2,1
DA:6,1
DA:7,1
DA:10,6
LF:4
LH:4
BRDA:2,0,0,1
BRDA:2,0,1,1
BRF:2
BRH:2
end_of_record
TN:
SF:storage\models\math.model.js
FN:1,checkOddEven
FN:8,sum
FN:12,is21Century
FNF:3
FNH:3
FNDA:3,checkOddEven
FNDA:3,sum
FNDA:3,is21Century
DA:2,3
DA:3,1
DA:5,2
DA:9,3
DA:13,3
DA:16,3
LF:6
LH:6
BRDA:2,0,0,1
BRDA:2,0,1,2
BRDA:5,1,0,1
BRDA:5,1,1,1
BRDA:13,2,0,3
BRDA:13,2,1,2
BRF:6
BRH:6
end_of_record
